18,message\event\e08_052_001.msg,sir,0,friend
24,message\event\e15_005_001.msg,sire,0,captain
25,message\event\e15_005_001.msg,sire,0,captain
21,message\event\daily\d02_103_000_002.msg,sir,0,friend
15,message\event\daily\d03_001_000_000.msg,mister,0,<HERO_NAME>
8,message\event\daily\d08_008_002_028.msg,sir,0,sir
55,message\event\follower\f02_002_001.msg,sir,0,Magister
0,message\event\follower\f10_002_001.msg,mister,0,<HERO_NAME>
3,message\event\follower\f10_002_001.msg,mister,0,<HERO_NAME>
31,message\event\follower\f10_002_002.msg,mister,0,<HERO_NAME>
50,message\event\follower\f10_003_001.msg,mister,0,<HERO_NAME>
58,message\event\follower\f10_003_001.msg,mister,0,<HERO_NAME>
41,message\event\follower\f10_004_002.msg,mister,0,<HERO_NAME>
51,message\event\follower\f10_004_002.msg,mister,0,<HERO_NAME>
13,message\event\follower\f10_005_001.msg,mister,0,<HERO_NAME>
37,message\event\follower\f10_005_001.msg,mister,0,<HERO_NAME>
39,message\event\follower\f10_005_001.msg,mister,0,<HERO_NAME>
41,message\event\follower\f10_005_001.msg,mister,0,<HERO_NAME>
48,message\event\follower\f10_005_001.msg,mister,0,<HERO_NAME>
20,message\event\follower\f10_006_001.msg,mister,0,<HERO_NAME>
22,message\event\follower\f10_006_002.msg,mister,0,<HERO_NAME>
39,message\event\follower\f10_006_002.msg,mister,0,<HERO_NAME>
6,message\event\follower\f10_007_001.msg,mister,0,<HERO_NAME>
11,message\event\follower\f10_007_001.msg,mister,0,<HERO_NAME>
28,message\event\follower\f10_007_001.msg,mister,0,<HERO_NAME>
36,message\event\follower\f10_007_001.msg,mister,0,<HERO_NAME>
56,message\event\follower\f10_007_001.msg,mister,0,<HERO_NAME>
6,message\event\follower\f10_008_002.msg,mister,0,<HERO_NAME>
13,message\event\follower\f10_008_002.msg,mister,0,<HERO_NAME>
37,message\event\follower\f10_FieldTalk.msg,mister,0,<HERO_NAME>
47,message\event\follower\f10_FieldTalk.msg,mister,0,<HERO_NAME>
48,message\event\follower\f10_FieldTalk.msg,mister,0,<HERO_NAME>
51,message\event\follower\f10_FieldTalk.msg,mister,0,<HERO_NAME>
52,message\event\follower\f10_FieldTalk.msg,mister,0,<HERO_NAME>
63,message\event\follower\f10_FieldTalk.msg,mister,0,<HERO_NAME>
64,message\event\follower\f10_FieldTalk.msg,mister,0,<HERO_NAME>
64,message\event\follower\f10_FieldTalk.msg,mister,0,<HERO_NAME>
